1501663319043	geckodriver	INFO	geckodriver 0.18.0
1501663319056	geckodriver	INFO	Listening on 127.0.0.1:59417
1501663321322	geckodriver::marionette	INFO	Starting browser D:\Program Files (x86)\Mozilla Firefox\firefox.exe with args ["-marionette"]
1501663325501	Marionette	INFO	Listening on port 59425
1501663325980	Marionette	WARN	TLS certificate errors will be ignored for this session
JavaScript error: https://sp0.baidu.com/5a1Fazu8AA54nxGko9WTAnF6hhy/su?wd=se&json=1&p=3&sid=1427_19033_21100_18560_22159&req=2&csor=2&pwd=s&cb=jQuery110209534357913645172_1501663331169&_=1501663331172, line 1: TypeError: jQuery110209534357913645172_1501663331169 is not a function
JavaScript error: https://sp0.baidu.com/5a1Fazu8AA54nxGko9WTAnF6hhy/su?wd=s&json=1&p=3&sid=1427_19033_21100_18560_22159&req=2&csor=1&cb=jQuery110209534357913645172_1501663331169&_=1501663331171, line 1: TypeError: jQuery110209534357913645172_1501663331169 is not a function
JavaScript error: https://sp0.baidu.com/5a1Fazu8AA54nxGko9WTAnF6hhy/su?wd=seleni&json=1&p=3&sid=1427_19033_21100_18560_22159&req=2&csor=6&pwd=selen&cb=jQuery110209534357913645172_1501663331169&_=1501663331176, line 1: TypeError: jQuery110209534357913645172_1501663331169 is not a function
JavaScript error: https://sp0.baidu.com/5a1Fazu8AA54nxGko9WTAnF6hhy/su?wd=sele&json=1&p=3&sid=1427_19033_21100_18560_22159&req=2&csor=4&pwd=sel&cb=jQuery110209534357913645172_1501663331169&_=1501663331174, line 1: TypeError: jQuery110209534357913645172_1501663331169 is not a function
JavaScript error: https://sp0.baidu.com/5a1Fazu8AA54nxGko9WTAnF6hhy/su?wd=seleniu&json=1&p=3&sid=1427_19033_21100_18560_22159&req=2&csor=7&pwd=seleni&cb=jQuery110209534357913645172_1501663331169&_=1501663331177, line 1: TypeError: jQuery110209534357913645172_1501663331169 is not a function
JavaScript error: https://sp0.baidu.com/5a1Fazu8AA54nxGko9WTAnF6hhy/su?wd=sel&json=1&p=3&sid=1427_19033_21100_18560_22159&req=2&csor=3&pwd=se&cb=jQuery110209534357913645172_1501663331169&_=1501663331173, line 1: TypeError: jQuery110209534357913645172_1501663331169 is not a function
JavaScript error: https://sp0.baidu.com/5a1Fazu8AA54nxGko9WTAnF6hhy/su?wd=selen&json=1&p=3&sid=1427_19033_21100_18560_22159&req=2&csor=5&pwd=sele&cb=jQuery110209534357913645172_1501663331169&_=1501663331175, line 1: TypeError: jQuery110209534357913645172_1501663331169 is not a function
JavaScript error: https://sp0.baidu.com/5a1Fazu8AA54nxGko9WTAnF6hhy/su?wd=selenium&json=1&p=3&sid=1427_19033_21100_18560_22159&req=2&csor=8&pwd=seleniu&cb=jQuery110209534357913645172_1501663331169&_=1501663331178, line 1: TypeError: jQuery110209534357913645172_1501663331169 is not a function
1501663341011	geckodriver	INFO	geckodriver 0.18.0
1501663341025	geckodriver	INFO	Listening on 127.0.0.1:59544
1501663342983	geckodriver::marionette	INFO	Starting browser D:\Program Files (x86)\Mozilla Firefox\firefox.exe with args ["-marionette"]
1501663345086	Marionette	INFO	Listening on port 59552
1501663346443	Marionette	WARN	TLS certificate errors will be ignored for this session
JavaScript error: https://sp0.baidu.com/5a1Fazu8AA54nxGko9WTAnF6hhy/su?wd=s&json=1&p=3&sid=1464_23516_21089_17001_22160&req=2&csor=1&cb=jQuery11020007226569227063662_1501663349724&_=1501663349726, line 1: TypeError: jQuery11020007226569227063662_1501663349724 is not a function
JavaScript error: https://sp0.baidu.com/5a1Fazu8AA54nxGko9WTAnF6hhy/su?wd=se&json=1&p=3&sid=1464_23516_21089_17001_22160&req=2&csor=2&pwd=s&cb=jQuery11020007226569227063662_1501663349724&_=1501663349727, line 1: TypeError: jQuery11020007226569227063662_1501663349724 is not a function
JavaScript error: https://sp0.baidu.com/5a1Fazu8AA54nxGko9WTAnF6hhy/su?wd=sel&json=1&p=3&sid=1464_23516_21089_17001_22160&req=2&csor=3&pwd=se&cb=jQuery11020007226569227063662_1501663349724&_=1501663349728, line 1: TypeError: jQuery11020007226569227063662_1501663349724 is not a function
JavaScript error: https://sp0.baidu.com/5a1Fazu8AA54nxGko9WTAnF6hhy/su?wd=sele&json=1&p=3&sid=1464_23516_21089_17001_22160&req=2&csor=4&pwd=sel&cb=jQuery11020007226569227063662_1501663349724&_=1501663349729, line 1: TypeError: jQuery11020007226569227063662_1501663349724 is not a function
JavaScript error: https://sp0.baidu.com/5a1Fazu8AA54nxGko9WTAnF6hhy/su?wd=selen&json=1&p=3&sid=1464_23516_21089_17001_22160&req=2&csor=5&pwd=sele&cb=jQuery11020007226569227063662_1501663349724&_=1501663349730, line 1: TypeError: jQuery11020007226569227063662_1501663349724 is not a function
JavaScript error: https://sp0.baidu.com/5a1Fazu8AA54nxGko9WTAnF6hhy/su?wd=seleni&json=1&p=3&sid=1464_23516_21089_17001_22160&req=2&csor=6&pwd=selen&cb=jQuery11020007226569227063662_1501663349724&_=1501663349731, line 1: TypeError: jQuery11020007226569227063662_1501663349724 is not a function
JavaScript error: https://sp0.baidu.com/5a1Fazu8AA54nxGko9WTAnF6hhy/su?wd=seleniu&json=1&p=3&sid=1464_23516_21089_17001_22160&req=2&csor=7&pwd=seleni&cb=jQuery11020007226569227063662_1501663349724&_=1501663349732, line 1: TypeError: jQuery11020007226569227063662_1501663349724 is not a function
JavaScript error: https://sp0.baidu.com/5a1Fazu8AA54nxGko9WTAnF6hhy/su?wd=selenium&json=1&p=3&sid=1464_23516_21089_17001_22160&req=2&csor=8&pwd=seleniu&cb=jQuery11020007226569227063662_1501663349724&_=1501663349733, line 1: TypeError: jQuery11020007226569227063662_1501663349724 is not a function
1501663406856	geckodriver	INFO	geckodriver 0.18.0
1501663406870	geckodriver	INFO	Listening on 127.0.0.1:59680
1501663408709	geckodriver::marionette	INFO	Starting browser D:\Program Files (x86)\Mozilla Firefox\firefox.exe with args ["-marionette"]
1501663411754	Marionette	INFO	Listening on port 59686
1501663412188	Marionette	WARN	TLS certificate errors will be ignored for this session
JavaScript error: https://sp0.baidu.com/5a1Fazu8AA54nxGko9WTAnF6hhy/su?wd=s&json=1&p=3&sid=1455_21084_18560_17001_20928&req=2&csor=1&cb=jQuery110209697496519729959_1501663416837&_=1501663416839, line 1: TypeError: jQuery110209697496519729959_1501663416837 is not a function
JavaScript error: https://sp0.baidu.com/5a1Fazu8AA54nxGko9WTAnF6hhy/su?wd=se&json=1&p=3&sid=1455_21084_18560_17001_20928&req=2&csor=2&pwd=s&cb=jQuery110209697496519729959_1501663416837&_=1501663416840, line 1: TypeError: jQuery110209697496519729959_1501663416837 is not a function
JavaScript error: https://sp0.baidu.com/5a1Fazu8AA54nxGko9WTAnF6hhy/su?wd=sel&json=1&p=3&sid=1455_21084_18560_17001_20928&req=2&csor=3&pwd=se&cb=jQuery110209697496519729959_1501663416837&_=1501663416841, line 1: TypeError: jQuery110209697496519729959_1501663416837 is not a function
JavaScript error: https://sp0.baidu.com/5a1Fazu8AA54nxGko9WTAnF6hhy/su?wd=sele&json=1&p=3&sid=1455_21084_18560_17001_20928&req=2&csor=4&pwd=sel&cb=jQuery110209697496519729959_1501663416837&_=1501663416842, line 1: TypeError: jQuery110209697496519729959_1501663416837 is not a function
JavaScript error: https://sp0.baidu.com/5a1Fazu8AA54nxGko9WTAnF6hhy/su?wd=seleni&json=1&p=3&sid=1455_21084_18560_17001_20928&req=2&csor=6&pwd=selen&cb=jQuery110209697496519729959_1501663416837&_=1501663416844, line 1: TypeError: jQuery110209697496519729959_1501663416837 is not a function
JavaScript error: https://sp0.baidu.com/5a1Fazu8AA54nxGko9WTAnF6hhy/su?wd=seleniu&json=1&p=3&sid=1455_21084_18560_17001_20928&req=2&csor=7&pwd=seleni&cb=jQuery110209697496519729959_1501663416837&_=1501663416845, line 1: TypeError: jQuery110209697496519729959_1501663416837 is not a function
JavaScript error: https://sp0.baidu.com/5a1Fazu8AA54nxGko9WTAnF6hhy/su?wd=selenium&json=1&p=3&sid=1455_21084_18560_17001_20928&req=2&csor=8&pwd=seleniu&cb=jQuery110209697496519729959_1501663416837&_=1501663416846, line 1: TypeError: jQuery110209697496519729959_1501663416837 is not a function
JavaScript error: https://sp0.baidu.com/5a1Fazu8AA54nxGko9WTAnF6hhy/su?wd=selen&json=1&p=3&sid=1455_21084_18560_17001_20928&req=2&csor=5&pwd=sele&cb=jQuery110209697496519729959_1501663416837&_=1501663416843, line 1: TypeError: jQuery110209697496519729959_1501663416837 is not a function
